2020-11-18 12:10:02.571 [restartedMain] INFO  com.wyu.LibraryProjectApplication - Starting LibraryProjectApplication on PC7 with PID 6512 (C:\Users\Administrator\Desktop\git repo\library-project\target\classes started by Administrator in C:\Users\Administrator\Desktop\git repo\library-project)
2020-11-18 12:10:02.575 [restartedMain] INFO  com.wyu.LibraryProjectApplication - No active profile set, falling back to default profiles: default
2020-11-18 12:10:06.607 [restartedMain] INFO  com.wyu.LibraryProjectApplication - Started LibraryProjectApplication in 4.379 seconds (JVM running for 5.245)
2020-11-18 12:10:14.041 [restartedMain] INFO  com.wyu.LibraryProjectApplication - Starting LibraryProjectApplication on PC7 with PID 2336 (C:\Users\Administrator\Desktop\git repo\library-project\target\classes started by Administrator in C:\Users\Administrator\Desktop\git repo\library-project)
2020-11-18 12:10:14.046 [restartedMain] INFO  com.wyu.LibraryProjectApplication - No active profile set, falling back to default profiles: default
2020-11-18 12:10:35.592 [restartedMain] INFO  com.wyu.LibraryProjectApplication - Starting LibraryProjectApplication on PC7 with PID 6344 (C:\Users\Administrator\Desktop\git repo\library-project\target\classes started by Administrator in C:\Users\Administrator\Desktop\git repo\library-project)
2020-11-18 12:10:35.596 [restartedMain] INFO  com.wyu.LibraryProjectApplication - No active profile set, falling back to default profiles: default
2020-11-18 12:10:39.540 [restartedMain] INFO  com.wyu.LibraryProjectApplication - Started LibraryProjectApplication in 4.272 seconds (JVM running for 5.196)
2020-11-18 14:34:07.510 [restartedMain] INFO  com.wyu.LibraryProjectApplication - Starting LibraryProjectApplication on PC7 with PID 6936 (C:\Users\Administrator\Desktop\git repo\library-project\target\classes started by Administrator in C:\Users\Administrator\Desktop\git repo\library-project)
2020-11-18 14:34:07.514 [restartedMain] INFO  com.wyu.LibraryProjectApplication - No active profile set, falling back to default profiles: default
2020-11-18 14:34:11.442 [restartedMain] INFO  com.wyu.LibraryProjectApplication - Started LibraryProjectApplication in 4.275 seconds (JVM running for 5.234)
2020-11-18 15:06:32.252 [main] INFO  com.wyu.BookTest - Starting BookTest on PC7 with PID 7112 (started by Administrator in C:\Users\Administrator\Desktop\git repo\library-project)
2020-11-18 15:06:32.254 [main] INFO  com.wyu.BookTest - No active profile set, falling back to default profiles: default
2020-11-18 15:06:39.946 [main] INFO  com.wyu.BookTest - Started BookTest in 8.196 seconds (JVM running for 9.874)
2020-11-18 15:09:52.240 [main] INFO  com.wyu.BookTest - Starting BookTest on PC7 with PID 5768 (started by Administrator in C:\Users\Administrator\Desktop\git repo\library-project)
2020-11-18 15:09:52.242 [main] INFO  com.wyu.BookTest - No active profile set, falling back to default profiles: default
2020-11-18 15:10:00.224 [main] INFO  com.wyu.BookTest - Started BookTest in 8.449 seconds (JVM running for 10.201)
2020-11-18 15:12:12.969 [main] INFO  com.wyu.BookTest - Starting BookTest on PC7 with PID 8000 (started by Administrator in C:\Users\Administrator\Desktop\git repo\library-project)
2020-11-18 15:12:12.971 [main] INFO  com.wyu.BookTest - No active profile set, falling back to default profiles: default
2020-11-18 15:12:21.042 [main] INFO  com.wyu.BookTest - Started BookTest in 8.559 seconds (JVM running for 10.255)
2020-11-18 15:12:49.174 [restartedMain] INFO  com.wyu.LibraryProjectApplication - Starting LibraryProjectApplication on PC7 with PID 5300 (C:\Users\Administrator\Desktop\git repo\library-project\target\classes started by Administrator in C:\Users\Administrator\Desktop\git repo\library-project)
2020-11-18 15:12:49.178 [restartedMain] INFO  com.wyu.LibraryProjectApplication - No active profile set, falling back to default profiles: default
2020-11-18 15:12:53.157 [restartedMain] INFO  com.wyu.LibraryProjectApplication - Started LibraryProjectApplication in 4.322 seconds (JVM running for 5.251)
2020-11-18 15:16:41.396 [restartedMain] INFO  com.wyu.LibraryProjectApplication - Starting LibraryProjectApplication on PC7 with PID 7112 (C:\Users\Administrator\Desktop\git repo\library-project\target\classes started by Administrator in C:\Users\Administrator\Desktop\git repo\library-project)
2020-11-18 15:16:41.402 [restartedMain] INFO  com.wyu.LibraryProjectApplication - No active profile set, falling back to default profiles: default
2020-11-18 15:16:45.249 [restartedMain] INFO  com.wyu.LibraryProjectApplication - Started LibraryProjectApplication in 4.304 seconds (JVM running for 5.24)
2020-11-18 15:23:19.837 [restartedMain] INFO  com.wyu.LibraryProjectApplication - Starting LibraryProjectApplication on PC7 with PID 7512 (C:\Users\Administrator\Desktop\git repo\library-project\target\classes started by Administrator in C:\Users\Administrator\Desktop\git repo\library-project)
2020-11-18 15:23:19.842 [restartedMain] INFO  com.wyu.LibraryProjectApplication - No active profile set, falling back to default profiles: default
2020-11-18 15:23:39.101 [restartedMain] INFO  com.wyu.LibraryProjectApplication - Starting LibraryProjectApplication on PC7 with PID 5892 (C:\Users\Administrator\Desktop\git repo\library-project\target\classes started by Administrator in C:\Users\Administrator\Desktop\git repo\library-project)
2020-11-18 15:23:39.104 [restartedMain] INFO  com.wyu.LibraryProjectApplication - No active profile set, falling back to default profiles: default
2020-11-18 15:23:43.012 [restartedMain] INFO  com.wyu.LibraryProjectApplication - Started LibraryProjectApplication in 4.231 seconds (JVM running for 5.125)
2020-11-18 15:41:24.028 [main] INFO  com.wyu.BookTest - Starting BookTest on PC7 with PID 5208 (started by Administrator in C:\Users\Administrator\Desktop\git repo\library-project)
2020-11-18 15:41:24.030 [main] INFO  com.wyu.BookTest - No active profile set, falling back to default profiles: default
2020-11-18 15:41:31.860 [main] INFO  com.wyu.BookTest - Started BookTest in 8.284 seconds (JVM running for 10.07)
2020-11-18 15:41:39.412 [restartedMain] INFO  com.wyu.LibraryProjectApplication - Starting LibraryProjectApplication on PC7 with PID 7804 (C:\Users\Administrator\Desktop\git repo\library-project\target\classes started by Administrator in C:\Users\Administrator\Desktop\git repo\library-project)
2020-11-18 15:41:39.415 [restartedMain] INFO  com.wyu.LibraryProjectApplication - No active profile set, falling back to default profiles: default
2020-11-18 15:41:43.275 [restartedMain] INFO  com.wyu.LibraryProjectApplication - Started LibraryProjectApplication in 4.222 seconds (JVM running for 5.158)
2020-11-18 16:24:30.585 [restartedMain] INFO  com.wyu.LibraryProjectApplication - Starting LibraryProjectApplication on PC7 with PID 8084 (C:\Users\Administrator\Desktop\git repo\library-project\target\classes started by Administrator in C:\Users\Administrator\Desktop\git repo\library-project)
2020-11-18 16:24:30.589 [restartedMain] INFO  com.wyu.LibraryProjectApplication - No active profile set, falling back to default profiles: default
2020-11-18 16:24:34.568 [restartedMain] INFO  com.wyu.LibraryProjectApplication - Started LibraryProjectApplication in 4.336 seconds (JVM running for 5.347)
2020-11-18 17:44:59.473 [restartedMain] INFO  com.wyu.LibraryProjectApplication - Starting LibraryProjectApplication on PC7 with PID 6032 (C:\Users\Administrator\Desktop\git repo\library-project\target\classes started by Administrator in C:\Users\Administrator\Desktop\git repo\library-project)
2020-11-18 17:44:59.480 [restartedMain] INFO  com.wyu.LibraryProjectApplication - No active profile set, falling back to default profiles: default
2020-11-18 17:45:04.611 [restartedMain] INFO  com.wyu.LibraryProjectApplication - Started LibraryProjectApplication in 5.611 seconds (JVM running for 7.206)
2020-11-18 17:46:58.445 [restartedMain] INFO  com.wyu.LibraryProjectApplication - Starting LibraryProjectApplication on PC7 with PID 10116 (C:\Users\Administrator\Desktop\git repo\library-project\target\classes started by Administrator in C:\Users\Administrator\Desktop\git repo\library-project)
2020-11-18 17:46:58.451 [restartedMain] INFO  com.wyu.LibraryProjectApplication - No active profile set, falling back to default profiles: default
2020-11-18 17:47:03.930 [restartedMain] INFO  com.wyu.LibraryProjectApplication - Started LibraryProjectApplication in 6.03 seconds (JVM running for 7.418)
2020-11-18 17:50:25.388 [restartedMain] INFO  com.wyu.LibraryProjectApplication - Starting LibraryProjectApplication on PC7 with PID 9352 (C:\Users\Administrator\Desktop\git repo\library-project\target\classes started by Administrator in C:\Users\Administrator\Desktop\git repo\library-project)
2020-11-18 17:50:25.393 [restartedMain] INFO  com.wyu.LibraryProjectApplication - No active profile set, falling back to default profiles: default
2020-11-18 17:50:30.653 [restartedMain] INFO  com.wyu.LibraryProjectApplication - Started LibraryProjectApplication in 5.701 seconds (JVM running for 7.013)
2020-11-18 18:00:32.646 [restartedMain] INFO  com.wyu.LibraryProjectApplication - Starting LibraryProjectApplication on PC7 with PID 7248 (C:\Users\Administrator\Desktop\git repo\library-project\target\classes started by Administrator in C:\Users\Administrator\Desktop\git repo\library-project)
2020-11-18 18:00:32.651 [restartedMain] INFO  com.wyu.LibraryProjectApplication - No active profile set, falling back to default profiles: default
2020-11-18 18:00:37.861 [restartedMain] INFO  com.wyu.LibraryProjectApplication - Started LibraryProjectApplication in 5.636 seconds (JVM running for 6.947)
2020-11-18 18:01:47.119 [restartedMain] INFO  com.wyu.LibraryProjectApplication - Starting LibraryProjectApplication on PC7 with PID 9368 (C:\Users\Administrator\Desktop\git repo\library-project\target\classes started by Administrator in C:\Users\Administrator\Desktop\git repo\library-project)
2020-11-18 18:01:47.125 [restartedMain] INFO  com.wyu.LibraryProjectApplication - No active profile set, falling back to default profiles: default
2020-11-18 18:01:52.208 [restartedMain] INFO  com.wyu.LibraryProjectApplication - Started LibraryProjectApplication in 5.524 seconds (JVM running for 6.83)
2020-11-18 18:03:53.857 [restartedMain] INFO  com.wyu.LibraryProjectApplication - Starting LibraryProjectApplication on PC7 with PID 9024 (C:\Users\Administrator\Desktop\git repo\library-project\target\classes started by Administrator in C:\Users\Administrator\Desktop\git repo\library-project)
2020-11-18 18:03:53.863 [restartedMain] INFO  com.wyu.LibraryProjectApplication - No active profile set, falling back to default profiles: default
2020-11-18 18:03:57.783 [restartedMain] INFO  com.wyu.LibraryProjectApplication - Started LibraryProjectApplication in 4.289 seconds (JVM running for 5.327)
2020-11-18 18:04:31.593 [restartedMain] INFO  com.wyu.LibraryProjectApplication - Starting LibraryProjectApplication on PC7 with PID 8468 (C:\Users\Administrator\Desktop\git repo\library-project\target\classes started by Administrator in C:\Users\Administrator\Desktop\git repo\library-project)
2020-11-18 18:04:31.598 [restartedMain] INFO  com.wyu.LibraryProjectApplication - No active profile set, falling back to default profiles: default
2020-11-18 18:04:35.630 [restartedMain] INFO  com.wyu.LibraryProjectApplication - Started LibraryProjectApplication in 4.38 seconds (JVM running for 5.308)
